\BOOKMARK [0][-]{chapter.1}{\376\377\000C\000l\000a\000s\000s\000\040\000I\000n\000d\000e\000x}{}
\BOOKMARK [1][-]{section.1.1}{\376\377\000C\000l\000a\000s\000s\000\040\000L\000i\000s\000t}{chapter.1}
\BOOKMARK [0][-]{chapter.2}{\376\377\000C\000l\000a\000s\000s\000\040\000D\000o\000c\000u\000m\000e\000n\000t\000a\000t\000i\000o\000n}{}
\BOOKMARK [1][-]{section.2.1}{\376\377\000C\000o\000n\000n\000e\000c\000t\000i\000o\000n\000I\000n\000f\000o\000\040\000C\000l\000a\000s\000s\000\040\000R\000e\000f\000e\000r\000e\000n\000c\000e}{chapter.2}
\BOOKMARK [2][-]{subsection.2.1.1}{\376\377\000D\000e\000t\000a\000i\000l\000e\000d\000\040\000D\000e\000s\000c\000r\000i\000p\000t\000i\000o\000n}{section.2.1}
\BOOKMARK [2][-]{subsection.2.1.2}{\376\377\000C\000o\000n\000s\000t\000r\000u\000c\000t\000o\000r\000\040\000\046\000\040\000D\000e\000s\000t\000r\000u\000c\000t\000o\000r\000\040\000D\000o\000c\000u\000m\000e\000n\000t\000a\000t\000i\000o\000n}{section.2.1}
\BOOKMARK [3][-]{subsubsection.2.1.2.1}{\376\377\000C\000o\000n\000n\000e\000c\000t\000i\000o\000n\000I\000n\000f\000o}{subsection.2.1.2}
\BOOKMARK [2][-]{subsection.2.1.3}{\376\377\000M\000e\000m\000b\000e\000r\000\040\000F\000u\000n\000c\000t\000i\000o\000n\000\040\000D\000o\000c\000u\000m\000e\000n\000t\000a\000t\000i\000o\000n}{section.2.1}
\BOOKMARK [3][-]{subsubsection.2.1.3.1}{\376\377\000g\000e\000t\000I\000p}{subsection.2.1.3}
\BOOKMARK [3][-]{subsubsection.2.1.3.2}{\376\377\000g\000e\000t\000P\000o\000r\000t}{subsection.2.1.3}
\BOOKMARK [3][-]{subsubsection.2.1.3.3}{\376\377\000o\000k\000C\000l\000i\000c\000k\000e\000d}{subsection.2.1.3}
\BOOKMARK [1][-]{section.2.2}{\376\377\000J\000o\000y\000s\000t\000i\000c\000k\000\040\000C\000l\000a\000s\000s\000\040\000R\000e\000f\000e\000r\000e\000n\000c\000e}{chapter.2}
\BOOKMARK [1][-]{section.2.3}{\376\377\000R\000e\000m\000o\000t\000e\000C\000o\000n\000t\000r\000o\000l\000\040\000C\000l\000a\000s\000s\000\040\000R\000e\000f\000e\000r\000e\000n\000c\000e}{chapter.2}
\BOOKMARK [2][-]{subsection.2.3.1}{\376\377\000D\000e\000t\000a\000i\000l\000e\000d\000\040\000D\000e\000s\000c\000r\000i\000p\000t\000i\000o\000n}{section.2.3}
\BOOKMARK [2][-]{subsection.2.3.2}{\376\377\000C\000o\000n\000s\000t\000r\000u\000c\000t\000o\000r\000\040\000\046\000\040\000D\000e\000s\000t\000r\000u\000c\000t\000o\000r\000\040\000D\000o\000c\000u\000m\000e\000n\000t\000a\000t\000i\000o\000n}{section.2.3}
\BOOKMARK [3][-]{subsubsection.2.3.2.1}{\376\377\000R\000e\000m\000o\000t\000e\000C\000o\000n\000t\000r\000o\000l}{subsection.2.3.2}
\BOOKMARK [2][-]{subsection.2.3.3}{\376\377\000M\000e\000m\000b\000e\000r\000\040\000F\000u\000n\000c\000t\000i\000o\000n\000\040\000D\000o\000c\000u\000m\000e\000n\000t\000a\000t\000i\000o\000n}{section.2.3}
\BOOKMARK [3][-]{subsubsection.2.3.3.1}{\376\377\000a\000x\000i\000s\000E\000v\000e\000n\000t}{subsection.2.3.3}
\BOOKMARK [3][-]{subsubsection.2.3.3.2}{\376\377\000b\000u\000t\000t\000o\000n\000P\000r\000e\000s\000s}{subsection.2.3.3}
\BOOKMARK [3][-]{subsubsection.2.3.3.3}{\376\377\000b\000u\000t\000t\000o\000n\000R\000e\000l\000e\000a\000s\000e}{subsection.2.3.3}
\BOOKMARK [3][-]{subsubsection.2.3.3.4}{\376\377\000d\000i\000s\000p\000l\000a\000y\000E\000r\000r\000o\000r}{subsection.2.3.3}
\BOOKMARK [3][-]{subsubsection.2.3.3.5}{\376\377\000k\000e\000y\000P\000r\000e\000s\000s\000E\000v\000e\000n\000t}{subsection.2.3.3}
\BOOKMARK [3][-]{subsubsection.2.3.3.6}{\376\377\000k\000e\000y\000R\000e\000l\000e\000a\000s\000e\000E\000v\000e\000n\000t}{subsection.2.3.3}
\BOOKMARK [3][-]{subsubsection.2.3.3.7}{\376\377\000s\000e\000r\000v\000e\000r\000C\000o\000n\000n\000e\000c\000t}{subsection.2.3.3}
\BOOKMARK [3][-]{subsubsection.2.3.3.8}{\376\377\000s\000t\000a\000r\000t\000\137\000f\000i\000r\000e}{subsection.2.3.3}
\BOOKMARK [3][-]{subsubsection.2.3.3.9}{\376\377\000s\000t\000a\000r\000t\000\137\000f\000o\000r\000w\000a\000r\000d}{subsection.2.3.3}
\BOOKMARK [3][-]{subsubsection.2.3.3.10}{\376\377\000s\000t\000a\000r\000t\000\137\000l\000e\000f\000t}{subsection.2.3.3}
\BOOKMARK [3][-]{subsubsection.2.3.3.11}{\376\377\000s\000t\000a\000r\000t\000\137\000r\000e\000v\000e\000r\000s\000e}{subsection.2.3.3}
\BOOKMARK [3][-]{subsubsection.2.3.3.12}{\376\377\000s\000t\000a\000r\000t\000\137\000r\000i\000g\000h\000t}{subsection.2.3.3}
\BOOKMARK [3][-]{subsubsection.2.3.3.13}{\376\377\000s\000t\000a\000r\000t\000\137\000t\000u\000r\000r\000e\000t\000\137\000d\000o\000w\000n}{subsection.2.3.3}
\BOOKMARK [3][-]{subsubsection.2.3.3.14}{\376\377\000s\000t\000a\000r\000t\000\137\000t\000u\000r\000r\000e\000t\000\137\000l\000e\000f\000t}{subsection.2.3.3}
\BOOKMARK [3][-]{subsubsection.2.3.3.15}{\376\377\000s\000t\000a\000r\000t\000\137\000t\000u\000r\000r\000e\000t\000\137\000r\000i\000g\000h\000t}{subsection.2.3.3}
\BOOKMARK [3][-]{subsubsection.2.3.3.16}{\376\377\000s\000t\000a\000r\000t\000\137\000t\000u\000r\000r\000e\000t\000\137\000u\000p}{subsection.2.3.3}
\BOOKMARK [3][-]{subsubsection.2.3.3.17}{\376\377\000s\000t\000o\000p\000\137\000f\000i\000r\000e}{subsection.2.3.3}
\BOOKMARK [3][-]{subsubsection.2.3.3.18}{\376\377\000s\000t\000o\000p\000\137\000f\000o\000r\000w\000a\000r\000d}{subsection.2.3.3}
\BOOKMARK [3][-]{subsubsection.2.3.3.19}{\376\377\000s\000t\000o\000p\000\137\000l\000e\000f\000t}{subsection.2.3.3}
\BOOKMARK [3][-]{subsubsection.2.3.3.20}{\376\377\000s\000t\000o\000p\000\137\000r\000e\000v\000e\000r\000s\000e}{subsection.2.3.3}
\BOOKMARK [3][-]{subsubsection.2.3.3.21}{\376\377\000s\000t\000o\000p\000\137\000r\000i\000g\000h\000t}{subsection.2.3.3}
\BOOKMARK [3][-]{subsubsection.2.3.3.22}{\376\377\000s\000t\000o\000p\000\137\000t\000u\000r\000r\000e\000t\000\137\000d\000o\000w\000n}{subsection.2.3.3}
\BOOKMARK [3][-]{subsubsection.2.3.3.23}{\376\377\000s\000t\000o\000p\000\137\000t\000u\000r\000r\000e\000t\000\137\000l\000e\000f\000t}{subsection.2.3.3}
\BOOKMARK [3][-]{subsubsection.2.3.3.24}{\376\377\000s\000t\000o\000p\000\137\000t\000u\000r\000r\000e\000t\000\137\000r\000i\000g\000h\000t}{subsection.2.3.3}
\BOOKMARK [3][-]{subsubsection.2.3.3.25}{\376\377\000s\000t\000o\000p\000\137\000t\000u\000r\000r\000e\000t\000\137\000u\000p}{subsection.2.3.3}
